<?xml version="1.0" encoding="UTF-8"?>
<testng-results ignored="0" total="1" passed="1" failed="0" skipped="0">
  <reporter-output>
  </reporter-output>
  <suite started-at="2022-11-07T16:22:05 ICT" name="Gradle suite" finished-at="2022-11-07T16:22:22 ICT" duration-ms="17101">
    <groups>
    </groups>
    <test started-at="2022-11-07T16:22:05 ICT" name="Gradle test" finished-at="2022-11-07T16:22:22 ICT" duration-ms="17101">
      <class name="SearchTest">
        <test-method is-config="true" signature="initModule()[pri:0, instance:SearchTest@5d43661b]" started-at="2022-11-07T16:22:05 ICT" name="initModule" finished-at="2022-11-07T16:22:05 ICT" duration-ms="27" status="PASS">
          <reporter-output>
          </reporter-output>
        </test-method> <!-- initModule -->
        <test-method is-config="true" signature="initDriver()[pri:0, instance:SearchTest@5d43661b]" started-at="2022-11-07T16:22:05 ICT" name="initDriver" finished-at="2022-11-07T16:22:12 ICT" duration-ms="6914" status="PASS">
          <reporter-output>
          </reporter-output>
        </test-method> <!-- initDriver -->
        <test-method signature="testWelcomeScreen()[pri:0, instance:SearchTest@5d43661b]" started-at="2022-11-07T16:22:12 ICT" name="testWelcomeScreen" description="User can see the search screen" finished-at="2022-11-07T16:22:22 ICT" duration-ms="10175" status="PASS">
          <reporter-output>
          </reporter-output>
        </test-method> <!-- testWelcomeScreen -->
        <test-method is-config="true" signature="afterTest(org.testng.ITestResult)[pri:0, instance:SearchTest@5d43661b]" started-at="2022-11-07T16:22:22 ICT" name="afterTest" description="Screenshot | Video" finished-at="2022-11-07T16:22:22 ICT" duration-ms="2" status="PASS">
          <params>
            <param index="0">
              <value>
                <![CDATA[[TestResult name=testWelcomeScreen status=SUCCESS method=SearchTest.testWelcomeScreen()[pri:0, instance:SearchTest@5d43661b] output={null}]]]>
              </value>
            </param>
          </params>
          <reporter-output>
          </reporter-output>
        </test-method> <!-- afterTest -->
        <test-method is-config="true" signature="tearDown()[pri:0, instance:SearchTest@5d43661b]" started-at="2022-11-07T16:22:22 ICT" name="tearDown" finished-at="2022-11-07T16:22:22 ICT" duration-ms="277" status="PASS">
          <reporter-output>
          </reporter-output>
        </test-method> <!-- tearDown -->
      </class> <!-- SearchTest -->
    </test> <!-- Gradle test -->
  </suite> <!-- Gradle suite -->
</testng-results>
